#
# There is insufficient memory for the Java Runtime Environment to continue.
# Native memory allocation (malloc) failed to allocate 1246896 bytes for Chunk::new
# Possible reasons:
#   The system is out of physical RAM or swap space
#   In 32 bit mode, the process size limit was hit
# Possible solutions:
#   Reduce memory load on the system
#   Increase physical memory or swap space
#   Check if swap backing store is full
#   Use 64 bit Java on a 64 bit OS
#   Decrease Java heap size (-Xmx/-Xms)
#   Decrease number of Java threads
#   Decrease Java thread stack sizes (-Xss)
#   Set larger code cache with -XX:ReservedCodeCacheSize=
# This output file may be truncated or incomplete.
#
#  Out of Memory Error (allocation.cpp:390), pid=9712, tid=0x0000000000003b2c
#
# JRE version: OpenJDK Runtime Environment (8.0_152-b01) (build 1.8.0_152-release-1248-b01)
# Java VM: OpenJDK 64-Bit Server VM (25.152-b01 mixed mode windows-amd64 compressed oops)
# Failed to write core dump. Minidumps are not enabled by default on client versions of Windows
#

---------------  T H R E A D  ---------------

Current thread (0x00000000165ac800):  JavaThread "C2 CompilerThread1" daemon [_thread_in_native, id=15148, stack(0x0000000017d10000,0x0000000017e10000)]

Stack: [0x0000000017d10000,0x0000000017e10000]
[error occurred during error reporting (printing stack bounds), id 0xc0000005]

Native frames: (J=compiled Java code, j=interpreted, Vv=VM code, C=native code)


Current CompileTask:
C2: 350352 18032 %     4       com.android.tools.r8.ir.regalloc.LinearScanRegisterAllocator::performLinearScan @ 657 (800 bytes)


---------------  P R O C E S S  ---------------

Java Threads: ( => current thread )
  0x000000001ce0b000 JavaThread "ForkJoinPool.commonPool-worker-2" daemon [_thread_in_Java, id=8344, stack(0x0000000027710000,0x0000000027810000)]
  0x000000001ce0c000 JavaThread "ForkJoinPool.commonPool-worker-1" daemon [_thread_in_Java, id=9944, stack(0x0000000027610000,0x0000000027710000)]
  0x000000001ce0d800 JavaThread "ForkJoinPool.commonPool-worker-0" daemon [_thread_in_Java, id=872, stack(0x0000000027510000,0x0000000027610000)]
  0x0000000019cb1000 JavaThread "Cache worker for Java compile cache (C:\Users\obsa\Desktop\CityPrettyApp\.gradle\4.10.1\javaCompile)" [_thread_blocked, id=1624, stack(0x0000000027410000,0x0000000027510000)]
  0x0000000019cb5000 JavaThread "Cache worker for Java compile cache (C:\Users\obsa\.gradle\caches\4.10.1\javaCompile)" [_thread_blocked, id=10492, stack(0x0000000027310000,0x0000000027410000)]
  0x000000001bb4a000 JavaThread "stdout" [_thread_in_native, id=4636, stack(0x0000000027210000,0x0000000027310000)]
  0x000000001bb42800 JavaThread "stderr" [_thread_in_native, id=11996, stack(0x0000000027110000,0x0000000027210000)]
  0x000000001bb49000 JavaThread "pool-6-thread-1" [_thread_blocked, id=12980, stack(0x0000000027010000,0x0000000027110000)]
  0x000000001bb43000 JavaThread "Cache worker for Build Output Cleanup Cache (C:\Users\obsa\Desktop\CityPrettyApp\.gradle\buildOutputCleanup)" [_thread_blocked, id=15132, stack(0x0000000026f10000,0x0000000027010000)]
  0x000000001bb46000 JavaThread "Cache worker for task history cache (C:\Users\obsa\Desktop\CityPrettyApp\.gradle\4.10.1\taskHistory)" [_thread_blocked, id=11872, stack(0x0000000026e10000,0x0000000026f10000)]
  0x000000001bb45800 JavaThread "Task worker for ':' Thread 3" [_thread_blocked, id=13384, stack(0x0000000026d10000,0x0000000026e10000)]
  0x000000001bb3d800 JavaThread "Task worker for ':' Thread 2" [_thread_blocked, id=6832, stack(0x0000000026c10000,0x0000000026d10000)]
  0x000000001bb3a800 JavaThread "Task worker for ':'" [_thread_blocked, id=4152, stack(0x0000000026b10000,0x0000000026c10000)]
  0x000000001bb41800 JavaThread "Cache worker for file content cache (C:\Users\obsa\Desktop\CityPrettyApp\.gradle\4.10.1\fileContent)" [_thread_blocked, id=8628, stack(0x0000000026a10000,0x0000000026b10000)]
  0x000000001bb3f000 JavaThread "Cache worker for file content cache (C:\Users\obsa\.gradle\caches\4.10.1\fileContent)" [_thread_blocked, id=1620, stack(0x0000000026910000,0x0000000026a10000)]
  0x000000001ccbd000 JavaThread "Build operations Thread 4" [_thread_blocked, id=5984, stack(0x0000000026810000,0x0000000026910000)]
  0x000000001ccbc800 JavaThread "Build operations Thread 3" [_thread_blocked, id=10776, stack(0x0000000026710000,0x0000000026810000)]
  0x000000001ccbb800 JavaThread "Build operations Thread 2" [_thread_blocked, id=11416, stack(0x0000000026610000,0x0000000026710000)]
  0x000000001ccbb000 JavaThread "Build operations" [_thread_blocked, id=9364, stack(0x0000000026510000,0x0000000026610000)]
  0x000000001ccb3800 JavaThread "Cache worker for cache directory md-rule (C:\Users\obsa\.gradle\caches\4.10.1\md-rule)" [_thread_blocked, id=14888, stack(0x0000000026410000,0x0000000026510000)]
  0x000000001ccba000 JavaThread "Cache worker for cache directory md-supplier (C:\Users\obsa\.gradle\caches\4.10.1\md-supplier)" [_thread_blocked, id=1428, stack(0x0000000026310000,0x0000000026410000)]
  0x000000001ccb2800 JavaThread "Cache worker for file hash cache (C:\Users\obsa\Desktop\CityPrettyApp\.gradle\4.10.1\fileHashes)" [_thread_blocked, id=8740, stack(0x0000000026210000,0x0000000026310000)]
  0x000000001ccb8800 JavaThread "Stdin handler" [_thread_blocked, id=5444, stack(0x0000000026110000,0x0000000026210000)]
  0x000000001ccb8000 JavaThread "Asynchronous log dispatcher for DefaultDaemonConnection: socket connection from /127.0.0.1:62479 to /127.0.0.1:62700" [_thread_blocked, id=14240, stack(0x0000000026010000,0x0000000026110000)]
  0x000000001ccb7000 JavaThread "Daemon worker Thread 2" [_thread_blocked, id=14532, stack(0x0000000025f10000,0x0000000026010000)]
  0x000000001ccaf800 JavaThread "Cancel handler" [_thread_blocked, id=6812, stack(0x0000000025e10000,0x0000000025f10000)]
  0x000000001ccb6800 JavaThread "Handler for socket connection from /127.0.0.1:62479 to /127.0.0.1:62700" [_thread_in_native, id=12672, stack(0x0000000025d10000,0x0000000025e10000)]
  0x000000001ccb1000 JavaThread "Daemon Thread 2" [_thread_blocked, id=14808, stack(0x0000000025c10000,0x0000000025d10000)]
  0x000000001ccb0800 JavaThread "MarlinRenderer Disposer" daemon [_thread_blocked, id=6964, stack(0x0000000025010000,0x0000000025110000)]
  0x000000001ccb5000 JavaThread "Java2D Disposer" daemon [_thread_blocked, id=11204, stack(0x0000000024f10000,0x0000000025010000)]
  0x000000001bb44800 JavaThread "pool-1-thread-1" [_thread_blocked, id=12708, stack(0x0000000023910000,0x0000000023a10000)]
  0x000000001bb3c000 JavaThread "Memory manager" [_thread_blocked, id=9180, stack(0x0000000020950000,0x0000000020a50000)]
  0x0000000019cb0800 JavaThread "Cache worker for Artifact transforms cache (C:\Users\obsa\.gradle\caches\transforms-1)" [_thread_blocked, id=11844, stack(0x000000001fe50000,0x000000001ff50000)]
  0x0000000019caf800 JavaThread "Cache worker for journal cache (C:\Users\obsa\.gradle\caches\journal-1)" [_thread_blocked, id=13876, stack(0x000000001d200000,0x000000001d300000)]
  0x000000001b227000 JavaThread "File lock request listener" [_thread_in_native, id=9640, stack(0x000000001c030000,0x000000001c130000)]
  0x00000000193d5800 JavaThread "Cache worker for file hash cache (C:\Users\obsa\.gradle\caches\4.10.1\fileHashes)" [_thread_blocked, id=6768, stack(0x000000001bf30000,0x000000001c030000)]
  0x000000001899d000 JavaThread "Daemon periodic checks" [_thread_blocked, id=10760, stack(0x000000001a460000,0x000000001a560000)]
  0x000000001899b800 JavaThread "Incoming local TCP Connector on port 62479" [_thread_in_native, id=2732, stack(0x000000001a220000,0x000000001a320000)]
  0x0000000017f38800 JavaThread "Service Thread" daemon [_thread_blocked, id=11772, stack(0x0000000018310000,0x0000000018410000)]
  0x00000000165bd000 JavaThread "C1 CompilerThread2" daemon [_thread_blocked, id=11780, stack(0x0000000017e10000,0x0000000017f10000)]
=>0x00000000165ac800 JavaThread "C2 CompilerThread1" daemon [_thread_in_native, id=15148, stack(0x0000000017d10000,0x0000000017e10000)]
  0x00000000165a8800 JavaThread "C2 CompilerThread0" daemon [_thread_in_native, id=13172, stack(0x0000000017c10000,0x0000000017d10000)]
  0x00000000165b6800 JavaThread "Attach Listener" daemon [_thread_blocked, id=9048, stack(0x0000000017b10000,0x0000000017c10000)]
  0x00000000165b5000 JavaThread "Signal Dispatcher" daemon [_thread_blocked, id=12456, stack(0x0000000017a10000,0x0000000017b10000)]
  0x0000000002bcb800 JavaThread "Finalizer" daemon [_thread_blocked, id=7492, stack(0x0000000017810000,0x0000000017910000)]
  0x0000000002bc0800 JavaThread "Reference Handler" daemon [_thread_blocked, id=12100, stack(0x0000000017710000,0x0000000017810000)]
  0x0000000002c3e000 JavaThread "main" [_thread_blocked, id=15352, stack(0x0000000002960000,0x0000000002a60000)]

Other Threads:
  0x0000000016576000 VMThread [stack: 0x0000000017610000,0x0000000017710000] [id=11680]
  0x0000000017f3a000 WatcherThread [stack: 0x0000000018410000,0x0000000018510000] [id=844]

VM state:not at safepoint (normal execution)

VM Mutex/Monitor currently owned by a thread: None

Heap:
 PSYoungGen      total 397312K, used 28039K [0x00000000e0000000, 0x00000000f9d80000, 0x0000000100000000)
  eden space 371200K, 4% used [0x00000000e0000000,0x00000000e1071468,0x00000000f6a80000)
  from space 26112K, 42% used [0x00000000f6a80000,0x00000000f7570890,0x00000000f8400000)
  to   space 25088K, 0% used [0x00000000f8500000,0x00000000f8500000,0x00000000f9d80000)
 ParOldGen       total 135168K, used 74143K [0x00000000a0000000, 0x00000000a8400000, 0x00000000e0000000)
  object space 135168K, 54% used [0x00000000a0000000,0x00000000a4867dc8,0x00000000a8400000)
 Metaspace       used 91107K, capacity 94448K, committed 94720K, reserved 1132544K
  class space    used 11472K, capacity 12238K, committed 12288K, reserved 1048576K

Card table byte_map: [0x0000000012000000,0x0000000012310000] byte_map_base: 0x0000000011b00000

Marking Bits: (ParMarkBitMap*) 0x000000005c4d5aa0
 Begin Bits: [0x0000000012910000, 0x0000000014110000)
 End Bits:   [0x0000000014110000, 0x0000000015910000)

Polling page: 0x0000000001170000

CodeCache: size=245760Kb used=51003Kb max_used=51780Kb free=194756Kb
 bounds [0x0000000002c40000, 0x0000000005f50000, 0x0000000011c40000]
 total_blobs=15979 nmethods=14965 adapters=924
 compilation: enabled

Compilation events (10 events):
Event: 350.038 Thread 0x00000000165bd000 18378       2       com.android.tools.r8.code.IputWide::<init> (8 bytes)
Event: 350.038 Thread 0x00000000165bd000 nmethod 18378 0x0000000005951510 code [0x0000000005951680, 0x00000000059517e8]
Event: 350.123 Thread 0x00000000165bd000 18380 %     3       com.android.tools.r8.ir.regalloc.LinearScanRegisterAllocator::allocateBlockedRegister @ 270 (620 bytes)
Event: 350.130 Thread 0x00000000165bd000 nmethod 18380% 0x0000000005c85310 code [0x0000000005c85980, 0x0000000005c89678]
Event: 350.214 Thread 0x00000000165bd000 18382 %     3       com.android.tools.r8.ir.optimize.CodeRewriter::isFallthroughBlock @ 10 (47 bytes)
Event: 350.215 Thread 0x00000000165bd000 nmethod 18382% 0x0000000005a34a10 code [0x0000000005a34be0, 0x0000000005a352a8]
Event: 350.234 Thread 0x00000000165bd000 18383       2       com.android.tools.r8.ir.code.ConstNumber::estimatedDexSize (113 bytes)
Event: 350.234 Thread 0x00000000165bd000 nmethod 18383 0x0000000005cbc7d0 code [0x0000000005cbc940, 0x0000000005cbccb0]
Event: 350.240 Thread 0x00000000165bd000 18384       2       com.android.tools.r8.ir.code.Mul::CreateIntLit8 (11 bytes)
Event: 350.241 Thread 0x00000000165bd000 nmethod 18384 0x0000000005bdb910 code [0x0000000005bdba80, 0x0000000005bdbc48]

GC Heap History (10 events):
Event: 343.248 GC heap before
{Heap before GC invocations=26 (full 3):
 PSYoungGen      total 349696K, used 334324K [0x00000000e0000000, 0x00000000f7100000, 0x0000000100000000)
  eden space 321024K, 100% used [0x00000000e0000000,0x00000000f3980000,0x00000000f3980000)
  from space 28672K, 46% used [0x00000000f5480000,0x00000000f617d338,0x00000000f7080000)
  to   space 27648K, 0% used [0x00000000f3980000,0x00000000f3980000,0x00000000f5480000)
 ParOldGen       total 135168K, used 74111K [0x00000000a0000000, 0x00000000a8400000, 0x00000000e0000000)
  object space 135168K, 54% used [0x00000000a0000000,0x00000000a485fdc8,0x00000000a8400000)
 Metaspace       used 90977K, capacity 94306K, committed 94464K, reserved 1132544K
  class space    used 11471K, capacity 12237K, committed 12288K, reserved 1048576K
Event: 343.290 GC heap after
Heap after GC invocations=26 (full 3):
 PSYoungGen      total 348672K, used 15761K [0x00000000e0000000, 0x00000000f9f00000, 0x0000000100000000)
  eden space 321024K, 0% used [0x00000000e0000000,0x00000000e0000000,0x00000000f3980000)
  from space 27648K, 57% used [0x00000000f3980000,0x00000000f48e4788,0x00000000f5480000)
  to   space 26624K, 0% used [0x00000000f8500000,0x00000000f8500000,0x00000000f9f00000)
 ParOldGen       total 135168K, used 74119K [0x00000000a0000000, 0x00000000a8400000, 0x00000000e0000000)
  object space 135168K, 54% used [0x00000000a0000000,0x00000000a4861dc8,0x00000000a8400000)
 Metaspace       used 90977K, capacity 94306K, committed 94464K, reserved 1132544K
  class space    used 11471K, capacity 12237K, committed 12288K, reserved 1048576K
}
Event: 344.922 GC heap before
{Heap before GC invocations=27 (full 3):
 PSYoungGen      total 348672K, used 336785K [0x00000000e0000000, 0x00000000f9f00000, 0x0000000100000000)
  eden space 321024K, 100% used [0x00000000e0000000,0x00000000f3980000,0x00000000f3980000)
  from space 27648K, 57% used [0x00000000f3980000,0x00000000f48e4788,0x00000000f5480000)
  to   space 26624K, 0% used [0x00000000f8500000,0x00000000f8500000,0x00000000f9f00000)
 ParOldGen       total 135168K, used 74119K [0x00000000a0000000, 0x00000000a8400000, 0x00000000e0000000)
  object space 135168K, 54% used [0x00000000a0000000,0x00000000a4861dc8,0x00000000a8400000)
 Metaspace       used 91013K, capacity 94310K, committed 94464K, reserved 1132544K
  class space    used 11471K, capacity 12237K, committed 12288K, reserved 1048576K
Event: 344.956 GC heap after
Heap after GC invocations=27 (full 3):
 PSYoungGen      total 396288K, used 15600K [0x00000000e0000000, 0x00000000f9d80000, 0x0000000100000000)
  eden space 371200K, 0% used [0x00000000e0000000,0x00000000e0000000,0x00000000f6a80000)
  from space 25088K, 62% used [0x00000000f8500000,0x00000000f943c100,0x00000000f9d80000)
  to   space 26112K, 0% used [0x00000000f6a80000,0x00000000f6a80000,0x00000000f8400000)
 ParOldGen       total 135168K, used 74127K [0x00000000a0000000, 0x00000000a8400000, 0x00000000e0000000)
  object space 135168K, 54% used [0x00000000a0000000,0x00000000a4863dc8,0x00000000a8400000)
 Metaspace       used 91013K, capacity 94310K, committed 94464K, reserved 1132544K
  class space    used 11471K, capacity 12237K, committed 12288K, reserved 1048576K
}
Event: 347.016 GC heap before
{Heap before GC invocations=28 (full 3):
 PSYoungGen      total 396288K, used 386800K [0x00000000e0000000, 0x00000000f9d80000, 0x0000000100000000)
  eden space 371200K, 100% used [0x00000000e0000000,0x00000000f6a80000,0x00000000f6a80000)
  from space 25088K, 62% used [0x00000000f8500000,0x00000000f943c100,0x00000000f9d80000)
  to   space 26112K, 0% used [0x00000000f6a80000,0x00000000f6a80000,0x00000000f8400000)
 ParOldGen       total 135168K, used 74127K [0x00000000a0000000, 0x00000000a8400000, 0x00000000e0000000)
  object space 135168K, 54% used [0x00000000a0000000,0x00000000a4863dc8,0x00000000a8400000)
 Metaspace       used 91064K, capacity 94378K, committed 94720K, reserved 1132544K
  class space    used 11471K, capacity 12237K, committed 12288K, reserved 1048576K
Event: 347.039 GC heap after
Heap after GC invocations=28 (full 3):
 PSYoungGen      total 397312K, used 10734K [0x00000000e0000000, 0x00000000f9d80000, 0x0000000100000000)
  eden space 371200K, 0% used [0x00000000e0000000,0x00000000e0000000,0x00000000f6a80000)
  from space 26112K, 41% used [0x00000000f6a80000,0x00000000f74fba00,0x00000000f8400000)
  to   space 25088K, 0% used [0x00000000f8500000,0x00000000f8500000,0x00000000f9d80000)
 ParOldGen       total 135168K, used 74135K [0x00000000a0000000, 0x00000000a8400000, 0x00000000e0000000)
  object space 135168K, 54% used [0x00000000a0000000,0x00000000a4865dc8,0x00000000a8400000)
 Metaspace       used 91064K, capacity 94378K, committed 94720K, reserved 1132544K
  class space    used 11471K, capacity 12237K, committed 12288K, reserved 1048576K
}
Event: 348.645 GC heap before
{Heap before GC invocations=29 (full 3):
 PSYoungGen      total 397312K, used 381934K [0x00000000e0000000, 0x00000000f9d80000, 0x0000000100000000)
  eden space 371200K, 100% used [0x00000000e0000000,0x00000000f6a80000,0x00000000f6a80000)
  from space 26112K, 41% used [0x00000000f6a80000,0x00000000f74fba00,0x00000000f8400000)
  to   space 25088K, 0% used [0x00000000f8500000,0x00000000f8500000,0x00000000f9d80000)
 ParOldGen       total 135168K, used 74135K [0x00000000a0000000, 0x00000000a8400000, 0x00000000e0000000)
  object space 135168K, 54% used [0x00000000a0000000,0x00000000a4865dc8,0x00000000a8400000)
 Metaspace       used 91080K, capacity 94382K, committed 94720K, reserved 1132544K
  class space    used 11471K, capacity 12237K, committed 12288K, reserved 1048576K
Event: 348.678 GC heap after
Heap after GC invocations=29 (full 3):
 PSYoungGen      total 396288K, used 13628K [0x00000000e0000000, 0x00000000f9d80000, 0x0000000100000000)
  eden space 371200K, 0% used [0x00000000e0000000,0x00000000e0000000,0x00000000f6a80000)
  from space 25088K, 54% used [0x00000000f8500000,0x00000000f924f208,0x00000000f9d80000)
  to   space 26112K, 0% used [0x00000000f6a80000,0x00000000f6a80000,0x00000000f8400000)
 ParOldGen       total 135168K, used 74135K [0x00000000a0000000, 0x00000000a8400000, 0x00000000e0000000)
  object space 135168K, 54% used [0x00000000a0000000,0x00000000a4865dc8,0x00000000a8400000)
 Metaspace       used 91080K, capacity 94382K, committed 94720K, reserved 1132544K
  class space    used 11471K, capacity 12237K, committed 12288K, reserved 1048576K
}
Event: 350.248 GC heap before
{Heap before GC invocations=30 (full 3):
 PSYoungGen      total 396288K, used 384828K [0x00000000e0000000, 0x00000000f9d80000, 0x0000000100000000)
  eden space 371200K, 100% used [0x00000000e0000000,0x00000000f6a80000,0x00000000f6a80000)
  from space 25088K, 54% used [0x00000000f8500000,0x00000000f924f208,0x00000000f9d80000)
  to   space 26112K, 0% used [0x00000000f6a80000,0x00000000f6a80000,0x00000000f8400000)
 ParOldGen       total 135168K, used 74135K [0x00000000a0000000, 0x00000000a8400000, 0x00000000e0000000)
  object space 135168K, 54% used [0x00000000a0000000,0x00000000a4865dc8,0x00000000a8400000)
 Metaspace       used 91106K, capacity 94448K, committed 94720K, reserved 1132544K
  class space    used 11472K, capacity 12238K, committed 12288K, reserved 1048576K
Event: 350.294 GC heap after
Heap after GC invocations=30 (full 3):
 PSYoungGen      total 397312K, used 11202K [0x00000000e0000000, 0x00000000f9d80000, 0x0000000100000000)
  eden space 371200K, 0% used [0x00000000e0000000,0x00000000e0000000,0x00000000f6a80000)
  from space 26112K, 42% used [0x00000000f6a80000,0x00000000f7570890,0x00000000f8400000)
  to   space 25088K, 0% used [0x00000000f8500000,0x00000000f8500000,0x00000000f9d80000)
 ParOldGen       total 135168K, used 74143K [0x00000000a0000000, 0x00000000a8400000, 0x00000000e0000000)
  object space 135168K, 54% used [0x00000000a0000000,0x00000000a4867dc8,0x00000000a8400000)
 Metaspace       used 91106K, capacity 94448K, committed 94720K, reserved 1132544K
  class space    used 11472K, capacity 12238K, committed 12288K, reserved 1048576K
}

Deoptimization events (10 events):
Event: 343.490 Thread 0x000000001ce0c000 Uncommon trap: reason=unstable_if action=reinterpret pc=0x0000000005e0c230 method=com.android.tools.r8.org.objectweb.asm.Type.equals(Ljava/lang/Object;)Z @ 94
Event: 343.561 Thread 0x000000001ce0d800 Uncommon trap: reason=unstable_if action=reinterpret pc=0x00000000044404b8 method=com.android.tools.r8.graph.DexString.slowCompareTo(Lcom/android/tools/r8/graph/DexString;)I @ 80
Event: 343.758 Thread 0x000000001ce0b000 Uncommon trap: reason=unstable_if action=reinterpret pc=0x0000000004ddab20 method=com.android.tools.r8.ir.code.Value.isDead(Lcom/android/tools/r8/utils/InternalOptions;Ljava/util/Set;)Z @ 159
Event: 344.058 Thread 0x000000001ce0c000 Uncommon trap: reason=unstable_if action=reinterpret pc=0x0000000003850a6c method=com.android.tools.r8.ir.regalloc.RegisterPositions.hasType(ILcom/android/tools/r8/ir/regalloc/RegisterPositions$Type;)Z @ 57
Event: 344.432 Thread 0x000000001ce0b000 Uncommon trap: reason=class_check action=maybe_recompile pc=0x0000000004dc0ce8 method=com.android.tools.r8.ir.optimize.CodeRewriter.allowNewFilledArrayConstruction(Lcom/android/tools/r8/ir/code/Instruction;)Z @ 18
Event: 344.871 Thread 0x000000001ce0d800 Uncommon trap: reason=class_check action=maybe_recompile pc=0x0000000004dc0ce8 method=com.android.tools.r8.ir.optimize.CodeRewriter.allowNewFilledArrayConstruction(Lcom/android/tools/r8/ir/code/Instruction;)Z @ 18
Event: 347.795 Thread 0x000000001ce0d800 Uncommon trap: reason=unstable_if action=reinterpret pc=0x0000000005ecd954 method=com.android.tools.r8.ir.optimize.DeadCodeRemover.updateWorklist(Ljava/util/Queue;Lcom/android/tools/r8/ir/code/Instruction;)V @ 16
Event: 348.128 Thread 0x000000001ce0b000 Uncommon trap: reason=unstable_if action=reinterpret pc=0x0000000005ee6dcc method=com.android.tools.r8.ir.regalloc.LiveIntervals.anySplitOverlaps(Lcom/android/tools/r8/ir/regalloc/LiveIntervals;)Z @ 51
Event: 349.351 Thread 0x000000001ce0d800 Uncommon trap: reason=unstable_if action=reinterpret pc=0x0000000005e7a5e8 method=com.android.tools.r8.ir.conversion.JarSourceCode.getTryHandlers(Lcom/android/tools/r8/org/objectweb/asm/tree/AbstractInsnNode;)Ljava/util/List; @ 80
Event: 349.354 Thread 0x000000001ce0d800 Uncommon trap: reason=unstable_if action=reinterpret pc=0x0000000004e6245c method=com.android.tools.r8.ir.conversion.JarSourceCode.getTryHandlers(Lcom/android/tools/r8/org/objectweb/asm/tree/AbstractInsnNode;)Ljava/util/List; @ 80

Classes redefined (0 events):
No events

Internal exceptions (10 events):
Event: 336.320 Thread 0x000000001ccb7000 Exception <a 'sun/nio/fs/WindowsException'> (0x00000000e2bea628) thrown at [D:\src\AOSP-openjdk-cygwin\jdk8u\hotspot\src\share\vm\prims\jni.cpp, line 709]
Event: 336.396 Thread 0x000000001ccb7000 Exception <a 'sun/nio/fs/WindowsException'> (0x00000000e2c30bf8) thrown at [D:\src\AOSP-openjdk-cygwin\jdk8u\hotspot\src\share\vm\prims\jni.cpp, line 709]
Event: 336.396 Thread 0x000000001ccb7000 Exception <a 'sun/nio/fs/WindowsException'> (0x00000000e2c31b08) thrown at [D:\src\AOSP-openjdk-cygwin\jdk8u\hotspot\src\share\vm\prims\jni.cpp, line 709]
Event: 336.396 Thread 0x000000001ccb7000 Exception <a 'sun/nio/fs/WindowsException'> (0x00000000e2c33bb0) thrown at [D:\src\AOSP-openjdk-cygwin\jdk8u\hotspot\src\share\vm\prims\jni.cpp, line 709]
Event: 336.454 Thread 0x000000001ccb7000 Exception <a 'sun/nio/fs/WindowsException'> (0x00000000e4b97d68) thrown at [D:\src\AOSP-openjdk-cygwin\jdk8u\hotspot\src\share\vm\prims\jni.cpp, line 709]
Event: 336.454 Thread 0x000000001ccb7000 Exception <a 'sun/nio/fs/WindowsException'> (0x00000000e4b98c78) thrown at [D:\src\AOSP-openjdk-cygwin\jdk8u\hotspot\src\share\vm\prims\jni.cpp, line 709]
Event: 336.454 Thread 0x000000001ccb7000 Exception <a 'sun/nio/fs/WindowsException'> (0x00000000e4b9ad20) thrown at [D:\src\AOSP-openjdk-cygwin\jdk8u\hotspot\src\share\vm\prims\jni.cpp, line 709]
Event: 336.466 Thread 0x000000001ccb7000 Exception <a 'sun/nio/fs/WindowsException'> (0x00000000e4bc5018) thrown at [D:\src\AOSP-openjdk-cygwin\jdk8u\hotspot\src\share\vm\prims\jni.cpp, line 709]
Event: 336.466 Thread 0x000000001ccb7000 Exception <a 'sun/nio/fs/WindowsException'> (0x00000000e4bc5f28) thrown at [D:\src\AOSP-openjdk-cygwin\jdk8u\hotspot\src\share\vm\prims\jni.cpp, line 709]
Event: 336.466 Thread 0x000000001ccb7000 Exception <a 'sun/nio/fs/WindowsException'> (0x00000000e4bc7fd0) thrown at [D:\src\AOSP-openjdk-cygwin\jdk8u\hotspot\src\share\vm\prims\jni.cpp, line 709]

Events (10 events):
Event: 350.241 Thread 0x000000001ce0d800 DEOPT PACKING pc=0x0000000005adac01 sp=0x000000002760df50
Event: 350.241 Thread 0x000000001ce0d800 DEOPT UNPACKING pc=0x0000000002c875d0 sp=0x000000002760dd40 mode 0
Event: 350.246 Executing VM operation: ParallelGCFailedAllocation
Event: 350.294 Executing VM operation: ParallelGCFailedAllocation done
Event: 350.307 Executing VM operation: RevokeBias
Event: 350.307 Executing VM operation: RevokeBias done
Event: 350.307 Executing VM operation: RevokeBias
Event: 350.307 Executing VM operation: RevokeBias done
Event: 350.338 Thread 0x000000001ce0d800 DEOPT PACKING pc=0x0000000005adaba8 sp=0x000000002760df50
Event: 350.338 Thread 0x000000001ce0d800 DEOPT UNPACKING pc=0x0000000002c875d0 sp=0x000000002760dd40 mode 0


Dynamic libraries:
0x00007ff77e030000 - 0x00007ff77e061000 	C:\Program Files\Android\Android Studio\jre\bin\java.exe
0x00007ff8125a0000 - 0x00007ff81278d000 	C:\WINDOWS\SYSTEM32\ntdll.dll
0x00007ff810200000 - 0x00007ff8102b3000 	C:\WINDOWS\System32\KERNEL32.DLL
0x00007ff80f1f0000 - 0x00007ff80f483000 	C:\WINDOWS\System32\KERNELBASE.dll
0x00007ff810670000 - 0x00007ff810713000 	C:\WINDOWS\System32\ADVAPI32.dll
0x00007ff810720000 - 0x00007ff8107be000 	C:\WINDOWS\System32\msvcrt.dll
0x00007ff80fd80000 - 0x00007ff80fe1e000 	C:\WINDOWS\System32\sechost.dll
0x00007ff80fc50000 - 0x00007ff80fd72000 	C:\WINDOWS\System32\RPCRT4.dll
0x00007ff810000000 - 0x00007ff810197000 	C:\WINDOWS\System32\USER32.dll
0x00007ff80f490000 - 0x00007ff80f4b0000 	C:\WINDOWS\System32\win32u.dll
0x00007ff8109e0000 - 0x00007ff810a09000 	C:\WINDOWS\System32\GDI32.dll
0x00007ff80f4b0000 - 0x00007ff80f64a000 	C:\WINDOWS\System32\gdi32full.dll
0x00007ff80f080000 - 0x00007ff80f120000 	C:\WINDOWS\System32\msvcp_win.dll
0x00007ff80f650000 - 0x00007ff80f74a000 	C:\WINDOWS\System32\ucrtbase.dll
0x00007ffff1640000 - 0x00007ffff18b9000 	C:\WINDOWS\WinSxS\amd64_microsoft.windows.common-controls_6595b64144ccf1df_6.0.17763.437_none_05b63dca071e5dd6\COMCTL32.dll
0x00007ff8102c0000 - 0x00007ff8105ec000 	C:\WINDOWS\System32\combase.dll
0x00007ff80f750000 - 0x00007ff80f7ce000 	C:\WINDOWS\System32\bcryptPrimitives.dll
0x00007ff810ca0000 - 0x00007ff810cce000 	C:\WINDOWS\System32\IMM32.DLL
0x000000005d0b0000 - 0x000000005d182000 	C:\Program Files\Android\Android Studio\jre\jre\bin\msvcr100.dll
0x000000005bd10000 - 0x000000005c551000 	C:\Program Files\Android\Android Studio\jre\jre\bin\server\jvm.dll
0x00007ff8105f0000 - 0x00007ff8105f8000 	C:\WINDOWS\System32\PSAPI.DLL
0x00007ff808140000 - 0x00007ff80814a000 	C:\WINDOWS\SYSTEM32\VERSION.dll
0x00007ff80ac70000 - 0x00007ff80ac79000 	C:\WINDOWS\SYSTEM32\WSOCK32.dll
0x00007ff810600000 - 0x00007ff81066d000 	C:\WINDOWS\System32\WS2_32.dll
0x00007ff805fa0000 - 0x00007ff805fc4000 	C:\WINDOWS\SYSTEM32\WINMM.dll
0x00007ff805cc0000 - 0x00007ff805ced000 	C:\WINDOWS\SYSTEM32\WINMMBASE.dll
0x00007ff80f000000 - 0x00007ff80f04a000 	C:\WINDOWS\System32\cfgmgr32.dll
0x00007ff809e50000 - 0x00007ff809e5f000 	C:\Program Files\Android\Android Studio\jre\jre\bin\verify.dll
0x00007ff8092f0000 - 0x00007ff809319000 	C:\Program Files\Android\Android Studio\jre\jre\bin\java.dll
0x00007ff809e30000 - 0x00007ff809e46000 	C:\Program Files\Android\Android Studio\jre\jre\bin\zip.dll
0x00007ff810cd0000 - 0x00007ff8121c0000 	C:\WINDOWS\System32\SHELL32.dll
0x00007ff80fe20000 - 0x00007ff80fec8000 	C:\WINDOWS\System32\shcore.dll
0x00007ff80e8b0000 - 0x00007ff80effa000 	C:\WINDOWS\System32\windows.storage.dll
0x00007ff80e640000 - 0x00007ff80e664000 	C:\WINDOWS\System32\profapi.dll
0x00007ff80e5c0000 - 0x00007ff80e61d000 	C:\WINDOWS\System32\powrprof.dll
0x00007ff812220000 - 0x00007ff812272000 	C:\WINDOWS\System32\shlwapi.dll
0x00007ff80e5a0000 - 0x00007ff80e5b1000 	C:\WINDOWS\System32\kernel.appcore.dll
0x00007ff80f1d0000 - 0x00007ff80f1e7000 	C:\WINDOWS\System32\cryptsp.dll
0x00007ff8095b0000 - 0x00007ff8095ca000 	C:\Program Files\Android\Android Studio\jre\jre\bin\net.dll
0x00007ff80ddc0000 - 0x00007ff80de27000 	C:\WINDOWS\system32\mswsock.dll
0x00007ff8092d0000 - 0x00007ff8092e1000 	C:\Program Files\Android\Android Studio\jre\jre\bin\nio.dll
0x00007ff806a90000 - 0x00007ff806aae000 	C:\Users\obsa\.gradle\native\25\windows-amd64\native-platform.dll
0x00007ff809770000 - 0x00007ff80977d000 	C:\Program Files\Android\Android Studio\jre\jre\bin\management.dll
0x00007ff80d980000 - 0x00007ff80d9b3000 	C:\WINDOWS\system32\rsaenh.dll
0x00007ff80f050000 - 0x00007ff80f076000 	C:\WINDOWS\System32\bcrypt.dll
0x00007ff80e4d0000 - 0x00007ff80e4f8000 	C:\WINDOWS\SYSTEM32\USERENV.dll
0x00007ff80df90000 - 0x00007ff80df9c000 	C:\WINDOWS\SYSTEM32\CRYPTBASE.dll
0x00007ff80db20000 - 0x00007ff80db5d000 	C:\WINDOWS\SYSTEM32\IPHLPAPI.DLL
0x00007ff810a10000 - 0x00007ff810a18000 	C:\WINDOWS\System32\NSI.dll
0x00007ff807c30000 - 0x00007ff807c46000 	C:\WINDOWS\SYSTEM32\dhcpcsvc6.DLL
0x00007ff808a40000 - 0x00007ff808a5c000 	C:\WINDOWS\SYSTEM32\dhcpcsvc.DLL
0x00007ff80db60000 - 0x00007ff80dc26000 	C:\WINDOWS\SYSTEM32\DNSAPI.dll
0x00007ff806ad0000 - 0x00007ff806af4000 	C:\Program Files\Android\Android Studio\jre\jre\bin\sunec.dll
0x00007ff8055b0000 - 0x00007ff8055ba000 	C:\Windows\System32\rasadhlp.dll
0x00007ff805f00000 - 0x00007ff805f79000 	C:\WINDOWS\System32\fwpuclnt.dll
0x00007ff808260000 - 0x00007ff80826b000 	C:\Program Files\Android\Android Studio\jre\jre\bin\sunmscapi.dll
0x00007ff80e670000 - 0x00007ff80e84b000 	C:\WINDOWS\System32\CRYPT32.dll
0x00007ff80e620000 - 0x00007ff80e632000 	C:\WINDOWS\System32\MSASN1.dll
0x00007fffe7e40000 - 0x00007fffe7fd7000 	C:\Program Files\Android\Android Studio\jre\jre\bin\awt.dll
0x00007ff810bd0000 - 0x00007ff810c94000 	C:\WINDOWS\System32\OLEAUT32.dll
0x00007ff80b760000 - 0x00007ff80bd1e000 	C:\WINDOWS\SYSTEM32\d2d1.dll
0x00007ff80c4e0000 - 0x00007ff80c56c000 	C:\WINDOWS\SYSTEM32\apphelp.dll
0x00007ff80cc40000 - 0x00007ff80cc6e000 	C:\WINDOWS\system32\DWMAPI.DLL
0x00007ff80c7c0000 - 0x00007ff80c85c000 	C:\WINDOWS\system32\uxtheme.dll

VM Arguments:
jvm_args: -Xmx1536m -Dfile.encoding=windows-1252 -Duser.country=US -Duser.language=en -Duser.variant 
java_command: org.gradle.launcher.daemon.bootstrap.GradleDaemon 4.10.1
java_class_path (initial): C:\Users\obsa\.gradle\wrapper\dists\gradle-4.10.1-all\455itskqi2qtf0v2sja68alqd\gradle-4.10.1\lib\gradle-launcher-4.10.1.jar
Launcher Type: SUN_STANDARD

Environment Variables:
JAVA_HOME=C:\Program Files\Java\jdk1.8.0_144\bin
PATH=C:\Program Files (x86)\Intel\Intel(R) Management Engine Components\iCLS\;C:\Program Files\Intel\Intel(R) Management Engine Components\iCLS\;C:\ProgramData\Oracle\Java\javapath;C:\WINDOWS\system32;C:\WINDOWS;C:\WINDOWS\System32\Wbem;C:\WINDOWS\System32\WindowsPowerShell\v1.0\;C:\Program Files (x86)\Python2.7;C:\Program Files\Java\jdk1.8.0_144\bin;C:\WINDOWS\System32\OpenSSH\;C:\Program Files (x86)\Intel\Intel(R) Management Engine Components\DAL;C:\Program Files\Intel\Intel(R) Management Engine Components\DAL;C:\Program Files (x86)\Intel\Intel(R) Management Engine Components\IPT;C:\Program Files\Intel\Intel(R) Management Engine Components\IPT;C:\HashiCorp\Vagrant\bin;C:\Program Files\dotnet\;C:\Program Files\Microsoft SQL Server\130\Tools\Binn\;C:\Users\obsa\Anaconda3;C:\Users\obsa\Anaconda3\Library\mingw-w64\bin;C:\Users\obsa\Anaconda3\Library\usr\bin;C:\Users\obsa\Anaconda3\Library\bin;C:\Users\obsa\Anaconda3\Scripts;C:\Users\obsa\AppData\Local\Programs\Python\Python36-32\Scripts\;C:\Users\obsa\AppData\Local\Programs\Python\Python36-32\;C:\Users\obsa\AppData\Local\Microsoft\WindowsApps;C:\Users\obsa\AppData\Local\Programs\Microsoft VS Code\bin;C:\MinGW\bin;%USERPROFILE%\AppData\Local\Microsoft\WindowsApps
USERNAME=obsa
OS=Windows_NT
PROCESSOR_IDENTIFIER=Intel64 Family 6 Model 142 Stepping 9, GenuineIntel



---------------  S Y S T E M  ---------------

OS: Windows 10.0 , 64 bit Build 17763 (10.0.17763.437)

CPU:total 4 (initial active 4) (2 cores per cpu, 2 threads per core) family 6 model 142 stepping 9, cmov, cx8, fxsr, mmx, sse, sse2, sse3, ssse3, sse4.1, sse4.2, popcnt, avx, avx2, aes, clmul, erms, 3dnowpref, lzcnt, ht, tsc, tscinvbit, bmi1, bmi2, adx

Memory: 4k page, physical 8243596k(1789260k free), swap 33409420k(5340k free)

vm_info: OpenJDK 64-Bit Server VM (25.152-b01) for windows-amd64 JRE (1.8.0_152-release-1248-b01), built by "builder" with MS VC++ 10.0 (VS2010)

time: Sat Apr 27 20:54:03 2019
elapsed time: 350 seconds (0d 0h 5m 50s)

